Release 14.7 - xst P.20160913 (lin64)
Copyright (c) 1995-2013 Xilinx, Inc.  All rights reserved.
--> 
Parameter TMPDIR set to xst/projnav.tmp


Total REAL time to Xst completion: 0.00 secs
Total CPU time to Xst completion: 0.04 secs
 
--> 
Parameter xsthdpdir set to xst


Total REAL time to Xst completion: 0.00 secs
Total CPU time to Xst completion: 0.04 secs
 
--> 
Reading design: Cassaforte.prj

TABLE OF CONTENTS
  1) Synthesis Options Summary
  2) HDL Parsing
  3) HDL Elaboration
  4) HDL Synthesis
       4.1) HDL Synthesis Report
  5) Advanced HDL Synthesis
       5.1) Advanced HDL Synthesis Report
  6) Low Level Synthesis
  7) Partition Report
  8) Design Summary
       8.1) Primitive and Black Box Usage
       8.2) Device utilization summary
       8.3) Partition Resource Summary
       8.4) Timing Report
            8.4.1) Clock Information
            8.4.2) Asynchronous Control Signals Information
            8.4.3) Timing Summary
            8.4.4) Timing Details
            8.4.5) Cross Clock Domains Report


=========================================================================
*                      Synthesis Options Summary                        *
=========================================================================
---- Source Parameters
Input File Name                    : "Cassaforte.prj"
Ignore Synthesis Constraint File   : NO

---- Target Parameters
Output File Name                   : "Cassaforte"
Output Format                      : NGC
Target Device                      : xc6slx4-3-csg225

---- Source Options
Top Module Name                    : Cassaforte
Automatic FSM Extraction           : YES
FSM Encoding Algorithm             : Auto
Safe Implementation                : No
FSM Style                          : LUT
RAM Extraction                     : Yes
RAM Style                          : Auto
ROM Extraction                     : Yes
Shift Register Extraction          : YES
ROM Style                          : Auto
Resource Sharing                   : YES
Asynchronous To Synchronous        : NO
Shift Register Minimum Size        : 2
Use DSP Block                      : Auto
Automatic Register Balancing       : No

---- Target Options
LUT Combining                      : Auto
Reduce Control Sets                : Auto
Add IO Buffers                     : YES
Global Maximum Fanout              : 100000
Add Generic Clock Buffer(BUFG)     : 16
Register Duplication               : YES
Optimize Instantiated Primitives   : NO
Use Clock Enable                   : Auto
Use Synchronous Set                : Auto
Use Synchronous Reset              : Auto
Pack IO Registers into IOBs        : Auto
Equivalent register Removal        : YES

---- General Options
Optimization Goal                  : Speed
Optimization Effort                : 1
Power Reduction                    : NO
Keep Hierarchy                     : No
Netlist Hierarchy                  : As_Optimized
RTL Output                         : Yes
Global Optimization                : AllClockNets
Read Cores                         : YES
Write Timing Constraints           : NO
Cross Clock Analysis               : NO
Hierarchy Separator                : /
Bus Delimiter                      : <>
Case Specifier                     : Maintain
Slice Utilization Ratio            : 100
BRAM Utilization Ratio             : 100
DSP48 Utilization Ratio            : 100
Auto BRAM Packing                  : NO
Slice Utilization Ratio Delta      : 5

=========================================================================


=========================================================================
*                          HDL Parsing                                  *
=========================================================================
Parsing VHDL file "/home/ise/Xilinx_Project/cassafortefinale/table.vhd" into library work
Parsing entity <seg_disp>.
Parsing architecture <Dataflow> of entity <seg_disp>.
Parsing VHDL file "/home/ise/Xilinx_Project/cassafortefinale/ric_1seq.vhd" into library work
Parsing entity <ric_1seq>.
Parsing architecture <Behavioral> of entity <ric_1seq>.
Parsing VHDL file "/home/ise/Xilinx_Project/cassafortefinale/gest_cassaforte.vhd" into library work
Parsing entity <gest_cassaforte>.
Parsing architecture <Behavioral> of entity <gest_cassaforte>.
Parsing VHDL file "/home/ise/Xilinx_Project/cassafortefinale/contatore.vhd" into library work
Parsing entity <contatore>.
Parsing architecture <Behavioral> of entity <contatore>.
Parsing VHDL file "/home/ise/Xilinx_Project/cassafortefinale/Cassaforte.vhd" into library work
Parsing entity <Cassaforte>.
Parsing architecture <Structural> of entity <cassaforte>.

=========================================================================
*                            HDL Elaboration                            *
=========================================================================

Elaborating entity <Cassaforte> (architecture <Structural>) with generics from library <work>.

Elaborating entity <contatore> (architecture <Behavioral>) with generics from library <work>.

Elaborating entity <ric_1seq> (architecture <Behavioral>) with generics from library <work>.

Elaborating entity <ric_1seq> (architecture <Behavioral>) with generics from library <work>.

Elaborating entity <gest_cassaforte> (architecture <Behavioral>) from library <work>.

Elaborating entity <seg_disp> (architecture <Dataflow>) from library <work>.

=========================================================================
*                           HDL Synthesis                               *
=========================================================================

Synthesizing Unit <Cassaforte>.
    Related source file is "/home/ise/Xilinx_Project/cassafortefinale/Cassaforte.vhd".
        seq1 = "0011"
        seq2 = "1000"
    Summary:
	no macro.
Unit <Cassaforte> synthesized.

Synthesizing Unit <contatore>.
    Related source file is "/home/ise/Xilinx_Project/cassafortefinale/contatore.vhd".
        n = 10
    Found 1-bit register for signal <o>.
    Found 4-bit register for signal <c>.
    Found 4-bit adder for signal <c[3]_GND_5_o_add_1_OUT> created at line 57.
    Found 4-bit comparator greater for signal <c[3]_PWR_5_o_LessThan_1_o> created at line 55
    Summary:
	inferred   1 Adder/Subtractor(s).
	inferred   5 D-type flip-flop(s).
	inferred   1 Comparator(s).
Unit <contatore> synthesized.

Synthesizing Unit <ric_1seq_1>.
    Related source file is "/home/ise/Xilinx_Project/cassafortefinale/ric_1seq.vhd".
        seq = "0011"
    Summary:
	no macro.
Unit <ric_1seq_1> synthesized.

Synthesizing Unit <ric_1seq_2>.
    Related source file is "/home/ise/Xilinx_Project/cassafortefinale/ric_1seq.vhd".
        seq = "1000"
    Summary:
	no macro.
Unit <ric_1seq_2> synthesized.

Synthesizing Unit <gest_cassaforte>.
    Related source file is "/home/ise/Xilinx_Project/cassafortefinale/gest_cassaforte.vhd".
    Found 3-bit register for signal <c_s>.
    Found finite state machine <FSM_0> for signal <c_s>.
    -----------------------------------------------------------------------
    | States             | 5                                              |
    | Transitions        | 15                                             |
    | Inputs             | 5                                              |
    | Outputs            | 6                                              |
    | Clock              | clk (rising_edge)                              |
    | Reset              | rst (positive)                                 |
    | Reset type         | synchronous                                    |
    | Reset State        | start                                          |
    | Power Up State     | start                                          |
    | Encoding           | auto                                           |
    | Implementation     | LUT                                            |
    -----------------------------------------------------------------------
    Summary:
	inferred   1 Finite State Machine(s).
Unit <gest_cassaforte> synthesized.

Synthesizing Unit <seg_disp>.
    Related source file is "/home/ise/Xilinx_Project/cassafortefinale/table.vhd".
    Found 16x7-bit Read Only RAM for signal <o>
    Summary:
	inferred   1 RAM(s).
Unit <seg_disp> synthesized.

=========================================================================
HDL Synthesis Report

Macro Statistics
# RAMs                                                 : 1
 16x7-bit single-port Read Only RAM                    : 1
# Adders/Subtractors                                   : 1
 4-bit adder                                           : 1
# Registers                                            : 2
 1-bit register                                        : 1
 4-bit register                                        : 1
# Comparators                                          : 1
 4-bit comparator greater                              : 1
# FSMs                                                 : 1

=========================================================================

=========================================================================
*                       Advanced HDL Synthesis                          *
=========================================================================


Synthesizing (advanced) Unit <contatore>.
The following registers are absorbed into counter <c>: 1 register on signal <c>.
Unit <contatore> synthesized (advanced).

Synthesizing (advanced) Unit <seg_disp>.
INFO:Xst:3218 - HDL ADVISOR - The RAM <Mram_o> will be implemented on LUTs either because you have described an asynchronous read or because of currently unsupported block RAM features. If you have described an asynchronous read, making it synchronous would allow you to take advantage of available block RAM resources, for optimized device usage and improved timings. Please refer to your documentation for coding guidelines.
    -----------------------------------------------------------------------
    | ram_type           | Distributed                         |          |
    -----------------------------------------------------------------------
    | Port A                                                              |
    |     aspect ratio   | 16-word x 7-bit                     |          |
    |     weA            | connected to signal <GND>           | high     |
    |     addrA          | connected to signal <i>             |          |
    |     diA            | connected to signal <GND>           |          |
    |     doA            | connected to signal <o>             |          |
    -----------------------------------------------------------------------
Unit <seg_disp> synthesized (advanced).

=========================================================================
Advanced HDL Synthesis Report

Macro Statistics
# RAMs                                                 : 1
 16x7-bit single-port distributed Read Only RAM        : 1
# Counters                                             : 1
 4-bit up counter                                      : 1
# Registers                                            : 1
 Flip-Flops                                            : 1
# Comparators                                          : 1
 4-bit comparator greater                              : 1
# FSMs                                                 : 1

=========================================================================

=========================================================================
*                         Low Level Synthesis                           *
=========================================================================
Analyzing FSM <MFsm> for best encoding.
Optimizing FSM <gest_cass/FSM_0> on signal <c_s[1:3]> with user encoding.
----------------------
 State    | Encoding
----------------------
 start    | 000
 ric_sec  | 001
 anomalia | 010
 apro     | 011
 aperta   | 100
----------------------

Optimizing unit <Cassaforte> ...

Optimizing unit <gest_cassaforte> ...

Mapping all equations...
Building and optimizing final netlist ...
Found area constraint ratio of 100 (+ 5) on block Cassaforte, actual ratio is 1.

Final Macro Processing ...

=========================================================================
Final Register Report

Macro Statistics
# Registers                                            : 8
 Flip-Flops                                            : 8

=========================================================================

=========================================================================
*                           Partition Report                            *
=========================================================================

Partition Implementation Status
-------------------------------

  No Partitions were found in this design.

-------------------------------

=========================================================================
*                            Design Summary                             *
=========================================================================

Top Level Output File Name         : Cassaforte.ngc

Primitive and Black Box Usage:
------------------------------
# BELS                             : 29
#      GND                         : 1
#      LUT3                        : 7
#      LUT4                        : 2
#      LUT5                        : 8
#      LUT6                        : 8
#      MUXF7                       : 2
#      VCC                         : 1
# FlipFlops/Latches                : 8
#      FD                          : 5
#      FDR                         : 3
# Clock Buffers                    : 1
#      BUFGP                       : 1
# IO Buffers                       : 20
#      IBUF                        : 12
#      OBUF                        : 8

Device utilization summary:
---------------------------

Selected Device : 6slx4csg225-3 


Slice Logic Utilization: 
 Number of Slice Registers:               8  out of   4800     0%  
 Number of Slice LUTs:                   25  out of   2400     1%  
    Number used as Logic:                25  out of   2400     1%  

Slice Logic Distribution: 
 Number of LUT Flip Flop pairs used:     25
   Number with an unused Flip Flop:      17  out of     25    68%  
   Number with an unused LUT:             0  out of     25     0%  
   Number of fully used LUT-FF pairs:     8  out of     25    32%  
   Number of unique control sets:         2

IO Utilization: 
 Number of IOs:                          21
 Number of bonded IOBs:                  21  out of    132    15%  

Specific Feature Utilization:
 Number of BUFG/BUFGCTRLs:                1  out of     16     6%  

---------------------------
Partition Resource Summary:
---------------------------

  No Partitions were found in this design.

---------------------------


=========================================================================
Timing Report

NOTE: THESE TIMING NUMBERS ARE ONLY A SYNTHESIS ESTIMATE.
      FOR ACCURATE TIMING INFORMATION PLEASE REFER TO THE TRACE REPORT
      GENERATED AFTER PLACE-and-ROUTE.

Clock Information:
------------------
-----------------------------------+------------------------+-------+
Clock Signal                       | Clock buffer(FF name)  | Load  |
-----------------------------------+------------------------+-------+
clk                                | BUFGP                  | 8     |
-----------------------------------+------------------------+-------+

Asynchronous Control Signals Information:
----------------------------------------
No asynchronous control signals found in this design

Timing Summary:
---------------
Speed Grade: -3

   Minimum period: 2.706ns (Maximum Frequency: 369.542MHz)
   Minimum input arrival time before clock: 5.534ns
   Maximum output required time after clock: 5.058ns
   Maximum combinational path delay: No path found

Timing Details:
---------------
All values displayed in nanoseconds (ns)

=========================================================================
Timing constraint: Default period analysis for Clock 'clk'
  Clock period: 2.706ns (frequency: 369.542MHz)
  Total number of paths / destination ports: 50 / 8
-------------------------------------------------------------------------
Delay:               2.706ns (Levels of Logic = 2)
  Source:            gest_cass/c_s_FSM_FFd2 (FF)
  Destination:       count/c_0 (FF)
  Source Clock:      clk rising
  Destination Clock: clk rising

  Data Path: gest_cass/c_s_FSM_FFd2 to count/c_0
                                Gate     Net
    Cell:in->out      fanout   Delay   Delay  Logical Name (Net Name)
    ----------------------------------------  ------------
     FDR:C->Q             17   0.447   1.132  gest_cass/c_s_FSM_FFd2 (gest_cass/c_s_FSM_FFd2)
     LUT5:I3->O            2   0.203   0.617  count/En_c[3]_AND_2_o11 (count/En_c[3]_AND_2_o)
     LUT5:I4->O            1   0.205   0.000  count/c_0_rstpot (count/c_0_rstpot)
     FD:D                      0.102          count/c_0
    ----------------------------------------
    Total                      2.706ns (0.957ns logic, 1.749ns route)
                                       (35.4% logic, 64.6% route)

=========================================================================
Timing constraint: Default OFFSET IN BEFORE for Clock 'clk'
  Total number of paths / destination ports: 93 / 11
-------------------------------------------------------------------------
Offset:              5.534ns (Levels of Logic = 5)
  Source:            s_key_1 (PAD)
  Destination:       gest_cass/c_s_FSM_FFd2 (FF)
  Destination Clock: clk rising

  Data Path: s_key_1 to gest_cass/c_s_FSM_FFd2
                                Gate     Net
    Cell:in->out      fanout   Delay   Delay  Logical Name (Net Name)
    ----------------------------------------  ------------
     IBUF:I->O             2   1.222   0.961  s_key_1_IBUF (s_key_1_IBUF)
     LUT5:I0->O            4   0.203   0.931  ric1_1/o1 (Ric1<0>)
     LUT5:I1->O            1   0.203   0.924  gest_cass/c_s_FSM_FFd2-In5_SW0 (N01)
     LUT5:I0->O            1   0.203   0.580  gest_cass/c_s_FSM_FFd2-In51 (gest_cass/c_s_FSM_FFd2-In5)
     LUT6:I5->O            1   0.205   0.000  gest_cass/c_s_FSM_FFd2-In6 (gest_cass/c_s_FSM_FFd2-In)
     FDR:D                     0.102          gest_cass/c_s_FSM_FFd2
    ----------------------------------------
    Total                      5.534ns (2.138ns logic, 3.396ns route)
                                       (38.6% logic, 61.4% route)

=========================================================================
Timing constraint: Default OFFSET OUT AFTER for Clock 'clk'
  Total number of paths / destination ports: 21 / 7
-------------------------------------------------------------------------
Offset:              5.058ns (Levels of Logic = 2)
  Source:            gest_cass/c_s_FSM_FFd3 (FF)
  Destination:       segmenti<0> (PAD)
  Source Clock:      clk rising

  Data Path: gest_cass/c_s_FSM_FFd3 to segmenti<0>
                                Gate     Net
    Cell:in->out      fanout   Delay   Delay  Logical Name (Net Name)
    ----------------------------------------  ------------
     FDR:C->Q             17   0.447   1.256  gest_cass/c_s_FSM_FFd3 (gest_cass/c_s_FSM_FFd3)
     LUT3:I0->O            1   0.205   0.579  gest_cass/c_s__n0117<4>1 (apertura_OBUF)
     OBUF:I->O                 2.571          apertura_OBUF (apertura)
    ----------------------------------------
    Total                      5.058ns (3.223ns logic, 1.835ns route)
                                       (63.7% logic, 36.3% route)

=========================================================================

Cross Clock Domains Report:
--------------------------

Clock to Setup on destination clock clk
---------------+---------+---------+---------+---------+
               | Src:Rise| Src:Fall| Src:Rise| Src:Fall|
Source Clock   |Dest:Rise|Dest:Rise|Dest:Fall|Dest:Fall|
---------------+---------+---------+---------+---------+
clk            |    2.706|         |         |         |
---------------+---------+---------+---------+---------+

=========================================================================


Total REAL time to Xst completion: 10.00 secs
Total CPU time to Xst completion: 8.94 secs
 
--> 


Total memory usage is 483556 kilobytes

Number of errors   :    0 (   0 filtered)
Number of warnings :    0 (   0 filtered)
Number of infos    :    1 (   0 filtered)

